2015-11-10 15:26:56 10fc InnoDB: Warning: Using innodb_additional_mem_pool_size is DEPRECATED. This option may be removed in future releases, together with the option innodb_use_sys_malloc and with the InnoDB's internal memory allocator.
2015-11-10 15:26:56 4348 [Note] InnoDB: Using mutexes to ref count buffer pool pages
2015-11-10 15:26:56 4348 [Note] InnoDB: The InnoDB memory heap is disabled
2015-11-10 15:26:56 4348 [Note] InnoDB: Mutexes and rw_locks use Windows interlocked functions
2015-11-10 15:26:56 4348 [Note] InnoDB: Memory barrier is not used
2015-11-10 15:26:56 4348 [Note] InnoDB: Compressed tables use zlib 1.2.3
2015-11-10 15:26:56 4348 [Note] InnoDB: Not using CPU crc32 instructions
2015-11-10 15:26:56 4348 [Note] InnoDB: Initializing buffer pool, size = 16.0M
2015-11-10 15:26:56 4348 [Note] InnoDB: Completed initialization of buffer pool
2015-11-10 15:26:56 4348 [Note] InnoDB: Highest supported file format is Barracuda.
2015-11-10 15:26:57 4348 [Note] InnoDB: 128 rollback segment(s) are active.
2015-11-10 15:26:57 4348 [Note] InnoDB: Waiting for purge to start
2015-11-10 15:26:57 4348 [Note] InnoDB:  Percona XtraDB (http://www.percona.com) 5.6.26-74.0 started; log sequence number 1835027
2015-11-10 15:26:57 6140 [Note] InnoDB: Dumping buffer pool(s) not yet started
2015-11-10 15:26:57 4348 [Note] Plugin 'FEEDBACK' is disabled.
2015-11-10 15:26:57 4348 [Note] Server socket created on IP: '::'.
2015-11-10 15:26:57 4348 [Note] Event Scheduler: Loaded 0 events
2015-11-10 15:26:57 4348 [Note] C:\xampp\mysql\bin\mysqld.exe: ready for connections.
Version: '10.1.8-MariaDB'  socket: ''  port: 3306  mariadb.org binary distribution
2015-11-10 15:27:11 5152 [Note] C:\xampp\mysql\bin\mysqld.exe: Normal shutdown

2015-11-10 15:27:11 5152 [Note] Event Scheduler: Purging the queue. 0 events
2015-11-10 15:27:11 5732 [Note] InnoDB: FTS optimize thread exiting.
2015-11-10 15:27:11 5152 [Note] InnoDB: Starting shutdown...
2015-11-10 15:27:13 5152 [Note] InnoDB: Shutdown completed; log sequence number 1835037
2015-11-10 15:27:13 5152 [Note] C:\xampp\mysql\bin\mysqld.exe: Shutdown complete

2018-06-22 02:53:34 1910 InnoDB: Warning: Using innodb_additional_mem_pool_size is DEPRECATED. This option may be removed in future releases, together with the option innodb_use_sys_malloc and with the InnoDB's internal memory allocator.
2018-06-22  2:53:34 6416 [Note] InnoDB: innodb_empty_free_list_algorithm has been changed to legacy because of small buffer pool size. In order to use backoff, increase buffer pool at least up to 20MB.

2018-06-22  2:53:34 6416 [Note] InnoDB: Using mutexes to ref count buffer pool pages
2018-06-22  2:53:34 6416 [Note] InnoDB: The InnoDB memory heap is disabled
2018-06-22  2:53:34 6416 [Note] InnoDB: Mutexes and rw_locks use Windows interlocked functions
2018-06-22  2:53:34 6416 [Note] InnoDB: _mm_lfence() and _mm_sfence() are used for memory barrier
2018-06-22  2:53:34 6416 [Note] InnoDB: Compressed tables use zlib 1.2.3
2018-06-22  2:53:34 6416 [Note] InnoDB: Using generic crc32 instructions
2018-06-22  2:53:34 6416 [Note] InnoDB: Initializing buffer pool, size = 16.0M
2018-06-22  2:53:34 6416 [Note] InnoDB: Completed initialization of buffer pool
2018-06-22  2:53:34 6416 [Note] InnoDB: Highest supported file format is Barracuda.
2018-06-22  2:53:34 6416 [Note] InnoDB: 128 rollback segment(s) are active.
2018-06-22  2:53:34 6416 [Note] InnoDB: Waiting for purge to start
2018-06-22  2:53:34 6416 [Note] InnoDB:  Percona XtraDB (http://www.percona.com) 5.6.39-83.1 started; log sequence number 1835037
2018-06-22  2:53:35 2916 [Note] InnoDB: Dumping buffer pool(s) not yet started
2018-06-22  2:53:35 6416 [Note] Plugin 'FEEDBACK' is disabled.
2018-06-22  2:53:35 6416 [Note] Server socket created on IP: '::'.
2018-06-22  2:53:35 6416 [Note] c:\xampp\mysql\bin\mysqld.exe: ready for connections.
Version: '10.1.33-MariaDB'  socket: ''  port: 3306  mariadb.org binary distribution
2018-06-22 03:10:04 1998 InnoDB: Warning: Using innodb_additional_mem_pool_size is DEPRECATED. This option may be removed in future releases, together with the option innodb_use_sys_malloc and with the InnoDB's internal memory allocator.
2018-06-22  3:10:04 6552 [Note] InnoDB: innodb_empty_free_list_algorithm has been changed to legacy because of small buffer pool size. In order to use backoff, increase buffer pool at least up to 20MB.

2018-06-22  3:10:04 6552 [Note] InnoDB: Using mutexes to ref count buffer pool pages
2018-06-22  3:10:04 6552 [Note] InnoDB: The InnoDB memory heap is disabled
2018-06-22  3:10:04 6552 [Note] InnoDB: Mutexes and rw_locks use Windows interlocked functions
2018-06-22  3:10:04 6552 [Note] InnoDB: _mm_lfence() and _mm_sfence() are used for memory barrier
2018-06-22  3:10:04 6552 [Note] InnoDB: Compressed tables use zlib 1.2.3
2018-06-22  3:10:04 6552 [Note] InnoDB: Using generic crc32 instructions
2018-06-22  3:10:04 6552 [Note] InnoDB: Initializing buffer pool, size = 16.0M
2018-06-22  3:10:04 6552 [Note] InnoDB: Completed initialization of buffer pool
2018-06-22  3:10:04 6552 [Note] InnoDB: Highest supported file format is Barracuda.
2018-06-22  3:10:04 6552 [Note] InnoDB: The log sequence number 1835037 in ibdata file do not match the log sequence number 1835181 in the ib_logfiles!
2018-06-22  3:10:04 6552 [Note] InnoDB: Restoring possible half-written data pages from the doublewrite buffer...
2018-06-22  3:10:05 6552 [Note] InnoDB: 128 rollback segment(s) are active.
2018-06-22  3:10:05 6552 [Note] InnoDB: Waiting for purge to start
2018-06-22  3:10:05 6552 [Note] InnoDB:  Percona XtraDB (http://www.percona.com) 5.6.39-83.1 started; log sequence number 1835181
2018-06-22  3:10:06 4420 [Note] InnoDB: Dumping buffer pool(s) not yet started
2018-06-22  3:10:06 6552 [Note] Plugin 'FEEDBACK' is disabled.
2018-06-22  3:10:06 6552 [Note] Server socket created on IP: '::'.
2018-06-22  3:10:06 6552 [Note] c:\xampp\mysql\bin\mysqld.exe: ready for connections.
Version: '10.1.33-MariaDB'  socket: ''  port: 3306  mariadb.org binary distribution
2018-06-22 14:14:06 2c4 InnoDB: Warning: Using innodb_additional_mem_pool_size is DEPRECATED. This option may be removed in future releases, together with the option innodb_use_sys_malloc and with the InnoDB's internal memory allocator.
2018-06-22 14:14:06 708 [Note] InnoDB: innodb_empty_free_list_algorithm has been changed to legacy because of small buffer pool size. In order to use backoff, increase buffer pool at least up to 20MB.

2018-06-22 14:14:06 708 [Note] InnoDB: Using mutexes to ref count buffer pool pages
2018-06-22 14:14:06 708 [Note] InnoDB: The InnoDB memory heap is disabled
2018-06-22 14:14:06 708 [Note] InnoDB: Mutexes and rw_locks use Windows interlocked functions
2018-06-22 14:14:06 708 [Note] InnoDB: _mm_lfence() and _mm_sfence() are used for memory barrier
2018-06-22 14:14:06 708 [Note] InnoDB: Compressed tables use zlib 1.2.3
2018-06-22 14:14:06 708 [Note] InnoDB: Using generic crc32 instructions
2018-06-22 14:14:06 708 [Note] InnoDB: Initializing buffer pool, size = 16.0M
2018-06-22 14:14:06 708 [Note] InnoDB: Completed initialization of buffer pool
2018-06-22 14:14:06 708 [Note] InnoDB: Highest supported file format is Barracuda.
2018-06-22 14:14:06 708 [Note] InnoDB: The log sequence number 1835037 in ibdata file do not match the log sequence number 1835191 in the ib_logfiles!
2018-06-22 14:14:07 708 [Note] InnoDB: Restoring possible half-written data pages from the doublewrite buffer...
2018-06-22 14:14:08 708 [Note] InnoDB: 128 rollback segment(s) are active.
2018-06-22 14:14:08 708 [Note] InnoDB: Waiting for purge to start
2018-06-22 14:14:08 708 [Note] InnoDB:  Percona XtraDB (http://www.percona.com) 5.6.39-83.1 started; log sequence number 1835191
2018-06-22 14:14:09 1896 [Note] InnoDB: Dumping buffer pool(s) not yet started
2018-06-22 14:14:09 708 [Note] Plugin 'FEEDBACK' is disabled.
2018-06-22 14:14:09 708 [Note] Server socket created on IP: '::'.
2018-06-22 14:14:09 708 [Note] c:\xampp\mysql\bin\mysqld.exe: ready for connections.
Version: '10.1.33-MariaDB'  socket: ''  port: 3306  mariadb.org binary distribution
2018-06-22 14:33:31 1040 InnoDB: Warning: Using innodb_additional_mem_pool_size is DEPRECATED. This option may be removed in future releases, together with the option innodb_use_sys_malloc and with the InnoDB's internal memory allocator.
2018-06-22 14:33:31 4160 [Note] InnoDB: innodb_empty_free_list_algorithm has been changed to legacy because of small buffer pool size. In order to use backoff, increase buffer pool at least up to 20MB.

2018-06-22 14:33:31 4160 [Note] InnoDB: Using mutexes to ref count buffer pool pages
2018-06-22 14:33:31 4160 [Note] InnoDB: The InnoDB memory heap is disabled
2018-06-22 14:33:31 4160 [Note] InnoDB: Mutexes and rw_locks use Windows interlocked functions
2018-06-22 14:33:31 4160 [Note] InnoDB: _mm_lfence() and _mm_sfence() are used for memory barrier
2018-06-22 14:33:31 4160 [Note] InnoDB: Compressed tables use zlib 1.2.3
2018-06-22 14:33:31 4160 [Note] InnoDB: Using generic crc32 instructions
2018-06-22 14:33:31 4160 [Note] InnoDB: Initializing buffer pool, size = 16.0M
2018-06-22 14:33:31 4160 [Note] InnoDB: Completed initialization of buffer pool
2018-06-22 14:33:32 4160 [Note] InnoDB: Highest supported file format is Barracuda.
2018-06-22 14:33:32 4160 [Note] InnoDB: The log sequence number 1835037 in ibdata file do not match the log sequence number 1835201 in the ib_logfiles!
2018-06-22 14:33:32 4160 [Note] InnoDB: Restoring possible half-written data pages from the doublewrite buffer...
2018-06-22 14:33:34 4160 [Note] InnoDB: 128 rollback segment(s) are active.
2018-06-22 14:33:34 4160 [Note] InnoDB: Waiting for purge to start
2018-06-22 14:33:34 4160 [Note] InnoDB:  Percona XtraDB (http://www.percona.com) 5.6.39-83.1 started; log sequence number 1835201
2018-06-22 14:33:34 2660 [Note] InnoDB: Dumping buffer pool(s) not yet started
2018-06-22 14:33:34 4160 [Note] Plugin 'FEEDBACK' is disabled.
2018-06-22 14:33:34 4160 [Note] Server socket created on IP: '::'.
2018-06-22 14:33:35 4160 [Note] c:\xampp\mysql\bin\mysqld.exe: ready for connections.
Version: '10.1.33-MariaDB'  socket: ''  port: 3306  mariadb.org binary distribution
2018-06-22 14:43:52 17fc InnoDB: Warning: Using innodb_additional_mem_pool_size is DEPRECATED. This option may be removed in future releases, together with the option innodb_use_sys_malloc and with the InnoDB's internal memory allocator.
2018-06-22 14:43:52 6140 [Note] InnoDB: innodb_empty_free_list_algorithm has been changed to legacy because of small buffer pool size. In order to use backoff, increase buffer pool at least up to 20MB.

2018-06-22 14:43:52 6140 [Note] InnoDB: Using mutexes to ref count buffer pool pages
2018-06-22 14:43:52 6140 [Note] InnoDB: The InnoDB memory heap is disabled
2018-06-22 14:43:52 6140 [Note] InnoDB: Mutexes and rw_locks use Windows interlocked functions
2018-06-22 14:43:52 6140 [Note] InnoDB: _mm_lfence() and _mm_sfence() are used for memory barrier
2018-06-22 14:43:52 6140 [Note] InnoDB: Compressed tables use zlib 1.2.3
2018-06-22 14:43:52 6140 [Note] InnoDB: Using generic crc32 instructions
2018-06-22 14:43:52 6140 [Note] InnoDB: Initializing buffer pool, size = 16.0M
2018-06-22 14:43:52 6140 [Note] InnoDB: Completed initialization of buffer pool
2018-06-22 14:43:53 6140 [Note] InnoDB: Highest supported file format is Barracuda.
2018-06-22 14:43:53 6140 [Note] InnoDB: The log sequence number 1835037 in ibdata file do not match the log sequence number 1835211 in the ib_logfiles!
2018-06-22 14:43:53 6140 [Note] InnoDB: Restoring possible half-written data pages from the doublewrite buffer...
2018-06-22 14:43:54 6140 [Note] InnoDB: 128 rollback segment(s) are active.
2018-06-22 14:43:54 6140 [Note] InnoDB: Waiting for purge to start
2018-06-22 14:43:54 6140 [Note] InnoDB:  Percona XtraDB (http://www.percona.com) 5.6.39-83.1 started; log sequence number 1835211
2018-06-22 14:43:54 2772 [Note] InnoDB: Dumping buffer pool(s) not yet started
2018-06-22 14:43:54 6140 [Note] Plugin 'FEEDBACK' is disabled.
2018-06-22 14:43:54 6140 [Note] Server socket created on IP: '::'.
2018-06-22 14:43:54 6140 [Note] c:\xampp\mysql\bin\mysqld.exe: ready for connections.
Version: '10.1.33-MariaDB'  socket: ''  port: 3306  mariadb.org binary distribution
2018-06-22 21:37:31 1578 InnoDB: Warning: Using innodb_additional_mem_pool_size is DEPRECATED. This option may be removed in future releases, together with the option innodb_use_sys_malloc and with the InnoDB's internal memory allocator.
2018-06-22 21:37:31 5496 [Note] InnoDB: innodb_empty_free_list_algorithm has been changed to legacy because of small buffer pool size. In order to use backoff, increase buffer pool at least up to 20MB.

2018-06-22 21:37:31 5496 [Note] InnoDB: Using mutexes to ref count buffer pool pages
2018-06-22 21:37:31 5496 [Note] InnoDB: The InnoDB memory heap is disabled
2018-06-22 21:37:31 5496 [Note] InnoDB: Mutexes and rw_locks use Windows interlocked functions
2018-06-22 21:37:31 5496 [Note] InnoDB: _mm_lfence() and _mm_sfence() are used for memory barrier
2018-06-22 21:37:31 5496 [Note] InnoDB: Compressed tables use zlib 1.2.3
2018-06-22 21:37:31 5496 [Note] InnoDB: Using generic crc32 instructions
2018-06-22 21:37:31 5496 [Note] InnoDB: Initializing buffer pool, size = 16.0M
2018-06-22 21:37:31 5496 [Note] InnoDB: Completed initialization of buffer pool
2018-06-22 21:37:31 5496 [Note] InnoDB: Highest supported file format is Barracuda.
2018-06-22 21:37:31 5496 [Note] InnoDB: The log sequence number 1835037 in ibdata file do not match the log sequence number 1872068 in the ib_logfiles!
2018-06-22 21:37:32 5496 [Note] InnoDB: Restoring possible half-written data pages from the doublewrite buffer...
2018-06-22 21:37:33 5496 [Note] InnoDB: 128 rollback segment(s) are active.
2018-06-22 21:37:33 5496 [Note] InnoDB: Waiting for purge to start
2018-06-22 21:37:33 5496 [Note] InnoDB:  Percona XtraDB (http://www.percona.com) 5.6.39-83.1 started; log sequence number 1872068
2018-06-22 21:37:33 3760 [Note] InnoDB: Dumping buffer pool(s) not yet started
2018-06-22 21:37:33 5496 [Note] Plugin 'FEEDBACK' is disabled.
2018-06-22 21:37:33 5496 [Note] Server socket created on IP: '::'.
2018-06-22 21:37:33 5496 [Note] c:\xampp\mysql\bin\mysqld.exe: ready for connections.
Version: '10.1.33-MariaDB'  socket: ''  port: 3306  mariadb.org binary distribution
2018-06-22 21:48:07 a94 InnoDB: Warning: Using innodb_additional_mem_pool_size is DEPRECATED. This option may be removed in future releases, together with the option innodb_use_sys_malloc and with the InnoDB's internal memory allocator.
2018-06-22 21:48:07 2708 [Note] InnoDB: innodb_empty_free_list_algorithm has been changed to legacy because of small buffer pool size. In order to use backoff, increase buffer pool at least up to 20MB.

2018-06-22 21:48:07 2708 [Note] InnoDB: Using mutexes to ref count buffer pool pages
2018-06-22 21:48:07 2708 [Note] InnoDB: The InnoDB memory heap is disabled
2018-06-22 21:48:07 2708 [Note] InnoDB: Mutexes and rw_locks use Windows interlocked functions
2018-06-22 21:48:07 2708 [Note] InnoDB: _mm_lfence() and _mm_sfence() are used for memory barrier
2018-06-22 21:48:07 2708 [Note] InnoDB: Compressed tables use zlib 1.2.3
2018-06-22 21:48:07 2708 [Note] InnoDB: Using generic crc32 instructions
2018-06-22 21:48:07 2708 [Note] InnoDB: Initializing buffer pool, size = 16.0M
2018-06-22 21:48:07 2708 [Note] InnoDB: Completed initialization of buffer pool
2018-06-22 21:48:07 2708 [Note] InnoDB: Highest supported file format is Barracuda.
2018-06-22 21:48:07 2708 [Note] InnoDB: The log sequence number 1835037 in ibdata file do not match the log sequence number 1872504 in the ib_logfiles!
2018-06-22 21:48:07 2708 [Note] InnoDB: Restoring possible half-written data pages from the doublewrite buffer...
2018-06-22 21:48:08 2708 [Note] InnoDB: 128 rollback segment(s) are active.
2018-06-22 21:48:08 2708 [Note] InnoDB: Waiting for purge to start
2018-06-22 21:48:08 2708 [Note] InnoDB:  Percona XtraDB (http://www.percona.com) 5.6.39-83.1 started; log sequence number 1872504
2018-06-22 21:48:09 5916 [Note] InnoDB: Dumping buffer pool(s) not yet started
2018-06-22 21:48:09 2708 [Note] Plugin 'FEEDBACK' is disabled.
2018-06-22 21:48:09 2708 [Note] Server socket created on IP: '::'.
2018-06-22 21:48:09 2708 [Note] c:\xampp\mysql\bin\mysqld.exe: ready for connections.
Version: '10.1.33-MariaDB'  socket: ''  port: 3306  mariadb.org binary distribution
2018-06-22 21:50:04 1734 InnoDB: Warning: Using innodb_additional_mem_pool_size is DEPRECATED. This option may be removed in future releases, together with the option innodb_use_sys_malloc and with the InnoDB's internal memory allocator.
2018-06-22 21:50:04 5940 [Note] InnoDB: innodb_empty_free_list_algorithm has been changed to legacy because of small buffer pool size. In order to use backoff, increase buffer pool at least up to 20MB.

2018-06-22 21:50:04 5940 [Note] InnoDB: Using mutexes to ref count buffer pool pages
2018-06-22 21:50:04 5940 [Note] InnoDB: The InnoDB memory heap is disabled
2018-06-22 21:50:04 5940 [Note] InnoDB: Mutexes and rw_locks use Windows interlocked functions
2018-06-22 21:50:04 5940 [Note] InnoDB: _mm_lfence() and _mm_sfence() are used for memory barrier
2018-06-22 21:50:04 5940 [Note] InnoDB: Compressed tables use zlib 1.2.3
2018-06-22 21:50:04 5940 [Note] InnoDB: Using generic crc32 instructions
2018-06-22 21:50:04 5940 [Note] InnoDB: Initializing buffer pool, size = 16.0M
2018-06-22 21:50:04 5940 [Note] InnoDB: Completed initialization of buffer pool
2018-06-22 21:50:04 5940 [Note] InnoDB: Highest supported file format is Barracuda.
2018-06-22 21:50:04 5940 [Note] InnoDB: The log sequence number 1835037 in ibdata file do not match the log sequence number 1872514 in the ib_logfiles!
2018-06-22 21:50:04 5940 [Note] InnoDB: Restoring possible half-written data pages from the doublewrite buffer...
2018-06-22 21:50:06 5940 [Note] InnoDB: 128 rollback segment(s) are active.
2018-06-22 21:50:06 5940 [Note] InnoDB: Waiting for purge to start
2018-06-22 21:50:06 5940 [Note] InnoDB:  Percona XtraDB (http://www.percona.com) 5.6.39-83.1 started; log sequence number 1872514
2018-06-22 21:50:06 1384 [Note] InnoDB: Dumping buffer pool(s) not yet started
2018-06-22 21:50:06 5940 [Note] Plugin 'FEEDBACK' is disabled.
2018-06-22 21:50:06 5940 [Note] Server socket created on IP: '::'.
2018-06-22 21:50:06 5940 [Note] c:\xampp\mysql\bin\mysqld.exe: ready for connections.
Version: '10.1.33-MariaDB'  socket: ''  port: 3306  mariadb.org binary distribution
2018-06-22 21:52:22 1580 InnoDB: Warning: Using innodb_additional_mem_pool_size is DEPRECATED. This option may be removed in future releases, together with the option innodb_use_sys_malloc and with the InnoDB's internal memory allocator.
2018-06-22 21:52:22 5504 [Note] InnoDB: innodb_empty_free_list_algorithm has been changed to legacy because of small buffer pool size. In order to use backoff, increase buffer pool at least up to 20MB.

2018-06-22 21:52:22 5504 [Note] InnoDB: Using mutexes to ref count buffer pool pages
2018-06-22 21:52:22 5504 [Note] InnoDB: The InnoDB memory heap is disabled
2018-06-22 21:52:22 5504 [Note] InnoDB: Mutexes and rw_locks use Windows interlocked functions
2018-06-22 21:52:22 5504 [Note] InnoDB: _mm_lfence() and _mm_sfence() are used for memory barrier
2018-06-22 21:52:22 5504 [Note] InnoDB: Compressed tables use zlib 1.2.3
2018-06-22 21:52:22 5504 [Note] InnoDB: Using generic crc32 instructions
2018-06-22 21:52:22 5504 [Note] InnoDB: Initializing buffer pool, size = 16.0M
2018-06-22 21:52:22 5504 [Note] InnoDB: Completed initialization of buffer pool
2018-06-22 21:52:23 5504 [Note] InnoDB: Highest supported file format is Barracuda.
2018-06-22 21:52:23 5504 [Note] InnoDB: The log sequence number 1835037 in ibdata file do not match the log sequence number 1872524 in the ib_logfiles!
2018-06-22 21:52:23 5504 [Note] InnoDB: Restoring possible half-written data pages from the doublewrite buffer...
2018-06-22 21:52:24 5504 [Note] InnoDB: 128 rollback segment(s) are active.
2018-06-22 21:52:24 5504 [Note] InnoDB: Waiting for purge to start
2018-06-22 21:52:24 5504 [Note] InnoDB:  Percona XtraDB (http://www.percona.com) 5.6.39-83.1 started; log sequence number 1872524
2018-06-22 21:52:24 3864 [Note] InnoDB: Dumping buffer pool(s) not yet started
2018-06-22 21:52:24 5504 [Note] Plugin 'FEEDBACK' is disabled.
2018-06-22 21:52:24 5504 [Note] Server socket created on IP: '::'.
2018-06-22 21:52:24 5504 [Note] c:\xampp\mysql\bin\mysqld.exe: ready for connections.
Version: '10.1.33-MariaDB'  socket: ''  port: 3306  mariadb.org binary distribution
2018-06-22 22:58:14 10e0 InnoDB: Warning: Using innodb_additional_mem_pool_size is DEPRECATED. This option may be removed in future releases, together with the option innodb_use_sys_malloc and with the InnoDB's internal memory allocator.
2018-06-22 22:58:14 4320 [Note] InnoDB: innodb_empty_free_list_algorithm has been changed to legacy because of small buffer pool size. In order to use backoff, increase buffer pool at least up to 20MB.

2018-06-22 22:58:14 4320 [Note] InnoDB: Using mutexes to ref count buffer pool pages
2018-06-22 22:58:14 4320 [Note] InnoDB: The InnoDB memory heap is disabled
2018-06-22 22:58:14 4320 [Note] InnoDB: Mutexes and rw_locks use Windows interlocked functions
2018-06-22 22:58:14 4320 [Note] InnoDB: _mm_lfence() and _mm_sfence() are used for memory barrier
2018-06-22 22:58:14 4320 [Note] InnoDB: Compressed tables use zlib 1.2.3
2018-06-22 22:58:14 4320 [Note] InnoDB: Using generic crc32 instructions
2018-06-22 22:58:14 4320 [Note] InnoDB: Initializing buffer pool, size = 16.0M
2018-06-22 22:58:14 4320 [Note] InnoDB: Completed initialization of buffer pool
2018-06-22 22:58:14 4320 [Note] InnoDB: Highest supported file format is Barracuda.
2018-06-22 22:58:14 4320 [Note] InnoDB: The log sequence number 1835037 in ibdata file do not match the log sequence number 1872534 in the ib_logfiles!
2018-06-22 22:58:14 4320 [Note] InnoDB: Restoring possible half-written data pages from the doublewrite buffer...
2018-06-22 22:58:15 4320 [Note] InnoDB: 128 rollback segment(s) are active.
2018-06-22 22:58:15 4320 [Note] InnoDB: Waiting for purge to start
2018-06-22 22:58:16 4320 [Note] InnoDB:  Percona XtraDB (http://www.percona.com) 5.6.39-83.1 started; log sequence number 1872534
2018-06-22 22:58:16 5724 [Note] InnoDB: Dumping buffer pool(s) not yet started
2018-06-22 22:58:16 4320 [Note] Plugin 'FEEDBACK' is disabled.
2018-06-22 22:58:16 4320 [Note] Server socket created on IP: '::'.
2018-06-22 22:58:16 4320 [Note] c:\xampp\mysql\bin\mysqld.exe: ready for connections.
Version: '10.1.33-MariaDB'  socket: ''  port: 3306  mariadb.org binary distribution
2018-06-23 00:01:38 4dc InnoDB: Warning: Using innodb_additional_mem_pool_size is DEPRECATED. This option may be removed in future releases, together with the option innodb_use_sys_malloc and with the InnoDB's internal memory allocator.
2018-06-23  0:01:38 1244 [Note] InnoDB: innodb_empty_free_list_algorithm has been changed to legacy because of small buffer pool size. In order to use backoff, increase buffer pool at least up to 20MB.

2018-06-23  0:01:38 1244 [Note] InnoDB: Using mutexes to ref count buffer pool pages
2018-06-23  0:01:38 1244 [Note] InnoDB: The InnoDB memory heap is disabled
2018-06-23  0:01:38 1244 [Note] InnoDB: Mutexes and rw_locks use Windows interlocked functions
2018-06-23  0:01:38 1244 [Note] InnoDB: _mm_lfence() and _mm_sfence() are used for memory barrier
2018-06-23  0:01:38 1244 [Note] InnoDB: Compressed tables use zlib 1.2.3
2018-06-23  0:01:38 1244 [Note] InnoDB: Using generic crc32 instructions
2018-06-23  0:01:38 1244 [Note] InnoDB: Initializing buffer pool, size = 16.0M
2018-06-23  0:01:38 1244 [Note] InnoDB: Completed initialization of buffer pool
2018-06-23  0:01:39 1244 [Note] InnoDB: Highest supported file format is Barracuda.
2018-06-23  0:01:39 1244 [Note] InnoDB: The log sequence number 1835037 in ibdata file do not match the log sequence number 1872544 in the ib_logfiles!
2018-06-23 00:02:18 d14 InnoDB: Warning: Using innodb_additional_mem_pool_size is DEPRECATED. This option may be removed in future releases, together with the option innodb_use_sys_malloc and with the InnoDB's internal memory allocator.
2018-06-23  0:02:18 3348 [Note] InnoDB: innodb_empty_free_list_algorithm has been changed to legacy because of small buffer pool size. In order to use backoff, increase buffer pool at least up to 20MB.

2018-06-23  0:02:18 3348 [Note] InnoDB: Using mutexes to ref count buffer pool pages
2018-06-23  0:02:18 3348 [Note] InnoDB: The InnoDB memory heap is disabled
2018-06-23  0:02:18 3348 [Note] InnoDB: Mutexes and rw_locks use Windows interlocked functions
2018-06-23  0:02:18 3348 [Note] InnoDB: _mm_lfence() and _mm_sfence() are used for memory barrier
2018-06-23  0:02:18 3348 [Note] InnoDB: Compressed tables use zlib 1.2.3
2018-06-23  0:02:18 3348 [Note] InnoDB: Using generic crc32 instructions
2018-06-23  0:02:18 3348 [Note] InnoDB: Initializing buffer pool, size = 16.0M
2018-06-23  0:02:18 3348 [Note] InnoDB: Completed initialization of buffer pool
2018-06-23  0:02:18 3348 [Note] InnoDB: Highest supported file format is Barracuda.
2018-06-23  0:02:18 3348 [Note] InnoDB: The log sequence number 1835037 in ibdata file do not match the log sequence number 1872544 in the ib_logfiles!
2018-06-23  0:02:19 3348 [Note] InnoDB: Restoring possible half-written data pages from the doublewrite buffer...
2018-06-23  0:02:24 3348 [Note] InnoDB: 128 rollback segment(s) are active.
2018-06-23  0:02:24 3348 [Note] InnoDB: Waiting for purge to start
2018-06-23  0:02:24 3348 [Note] InnoDB:  Percona XtraDB (http://www.percona.com) 5.6.39-83.1 started; log sequence number 1872544
2018-06-23  0:02:26 5144 [Note] InnoDB: Dumping buffer pool(s) not yet started
2018-06-23  0:02:26 3348 [Note] Plugin 'FEEDBACK' is disabled.
2018-06-23  0:02:26 3348 [Note] Server socket created on IP: '::'.
2018-06-23  0:02:27 3348 [Note] c:\xampp\mysql\bin\mysqld.exe: ready for connections.
Version: '10.1.33-MariaDB'  socket: ''  port: 3306  mariadb.org binary distribution
2018-06-23 11:12:36 dd4 InnoDB: Warning: Using innodb_additional_mem_pool_size is DEPRECATED. This option may be removed in future releases, together with the option innodb_use_sys_malloc and with the InnoDB's internal memory allocator.
2018-06-23 11:12:36 3540 [Note] InnoDB: innodb_empty_free_list_algorithm has been changed to legacy because of small buffer pool size. In order to use backoff, increase buffer pool at least up to 20MB.

2018-06-23 11:12:36 3540 [Note] InnoDB: Using mutexes to ref count buffer pool pages
2018-06-23 11:12:36 3540 [Note] InnoDB: The InnoDB memory heap is disabled
2018-06-23 11:12:36 3540 [Note] InnoDB: Mutexes and rw_locks use Windows interlocked functions
2018-06-23 11:12:36 3540 [Note] InnoDB: _mm_lfence() and _mm_sfence() are used for memory barrier
2018-06-23 11:12:36 3540 [Note] InnoDB: Compressed tables use zlib 1.2.3
2018-06-23 11:12:36 3540 [Note] InnoDB: Using generic crc32 instructions
2018-06-23 11:12:36 3540 [Note] InnoDB: Initializing buffer pool, size = 16.0M
2018-06-23 11:12:36 3540 [Note] InnoDB: Completed initialization of buffer pool
2018-06-23 11:12:37 3540 [Note] InnoDB: Highest supported file format is Barracuda.
2018-06-23 11:12:37 3540 [Note] InnoDB: The log sequence number 1835037 in ibdata file do not match the log sequence number 1872758 in the ib_logfiles!
2018-06-23 11:12:38 3540 [Note] InnoDB: Restoring possible half-written data pages from the doublewrite buffer...
2018-06-23 11:12:40 3540 [Note] InnoDB: 128 rollback segment(s) are active.
2018-06-23 11:12:40 3540 [Note] InnoDB: Waiting for purge to start
2018-06-23 11:12:40 3540 [Note] InnoDB:  Percona XtraDB (http://www.percona.com) 5.6.39-83.1 started; log sequence number 1872758
2018-06-23 11:12:41 2720 [Note] InnoDB: Dumping buffer pool(s) not yet started
2018-06-23 11:12:41 3540 [Note] Plugin 'FEEDBACK' is disabled.
2018-06-23 11:12:41 3540 [Note] Server socket created on IP: '::'.
2018-06-23 11:12:42 3540 [Note] c:\xampp\mysql\bin\mysqld.exe: ready for connections.
Version: '10.1.33-MariaDB'  socket: ''  port: 3306  mariadb.org binary distribution
2018-06-24 01:32:40 2ec InnoDB: Warning: Using innodb_additional_mem_pool_size is DEPRECATED. This option may be removed in future releases, together with the option innodb_use_sys_malloc and with the InnoDB's internal memory allocator.
2018-06-24  1:32:40 748 [Note] InnoDB: innodb_empty_free_list_algorithm has been changed to legacy because of small buffer pool size. In order to use backoff, increase buffer pool at least up to 20MB.

2018-06-24  1:32:40 748 [Note] InnoDB: Using mutexes to ref count buffer pool pages
2018-06-24  1:32:40 748 [Note] InnoDB: The InnoDB memory heap is disabled
2018-06-24  1:32:40 748 [Note] InnoDB: Mutexes and rw_locks use Windows interlocked functions
2018-06-24  1:32:40 748 [Note] InnoDB: _mm_lfence() and _mm_sfence() are used for memory barrier
2018-06-24  1:32:40 748 [Note] InnoDB: Compressed tables use zlib 1.2.3
2018-06-24  1:32:40 748 [Note] InnoDB: Using generic crc32 instructions
2018-06-24  1:32:40 748 [Note] InnoDB: Initializing buffer pool, size = 16.0M
2018-06-24  1:32:40 748 [Note] InnoDB: Completed initialization of buffer pool
2018-06-24  1:32:40 748 [Note] InnoDB: Highest supported file format is Barracuda.
2018-06-24  1:32:40 748 [Note] InnoDB: The log sequence number 1835037 in ibdata file do not match the log sequence number 1872989 in the ib_logfiles!
2018-06-24  1:32:40 748 [Note] InnoDB: Restoring possible half-written data pages from the doublewrite buffer...
2018-06-24  1:32:41 748 [Note] InnoDB: 128 rollback segment(s) are active.
2018-06-24  1:32:41 748 [Note] InnoDB: Waiting for purge to start
2018-06-24  1:32:41 748 [Note] InnoDB:  Percona XtraDB (http://www.percona.com) 5.6.39-83.1 started; log sequence number 1872989
2018-06-24  1:32:42 1776 [Note] InnoDB: Dumping buffer pool(s) not yet started
2018-06-24  1:32:42 748 [Note] Plugin 'FEEDBACK' is disabled.
2018-06-24  1:32:42 748 [Note] Server socket created on IP: '::'.
2018-06-24  1:32:42 748 [Note] c:\xampp\mysql\bin\mysqld.exe: ready for connections.
Version: '10.1.33-MariaDB'  socket: ''  port: 3306  mariadb.org binary distribution
2018-06-24 22:28:34 7b8 InnoDB: Warning: Using innodb_additional_mem_pool_size is DEPRECATED. This option may be removed in future releases, together with the option innodb_use_sys_malloc and with the InnoDB's internal memory allocator.
2018-06-24 22:28:34 1976 [Note] InnoDB: innodb_empty_free_list_algorithm has been changed to legacy because of small buffer pool size. In order to use backoff, increase buffer pool at least up to 20MB.

2018-06-24 22:28:34 1976 [Note] InnoDB: Using mutexes to ref count buffer pool pages
2018-06-24 22:28:34 1976 [Note] InnoDB: The InnoDB memory heap is disabled
2018-06-24 22:28:34 1976 [Note] InnoDB: Mutexes and rw_locks use Windows interlocked functions
2018-06-24 22:28:34 1976 [Note] InnoDB: _mm_lfence() and _mm_sfence() are used for memory barrier
2018-06-24 22:28:34 1976 [Note] InnoDB: Compressed tables use zlib 1.2.3
2018-06-24 22:28:34 1976 [Note] InnoDB: Using generic crc32 instructions
2018-06-24 22:28:35 1976 [Note] InnoDB: Initializing buffer pool, size = 16.0M
2018-06-24 22:28:35 1976 [Note] InnoDB: Completed initialization of buffer pool
2018-06-24 22:28:35 1976 [Note] InnoDB: Highest supported file format is Barracuda.
2018-06-24 22:28:35 1976 [Note] InnoDB: The log sequence number 1835037 in ibdata file do not match the log sequence number 1873204 in the ib_logfiles!
2018-06-24 22:28:36 1976 [Note] InnoDB: Restoring possible half-written data pages from the doublewrite buffer...
2018-06-24 22:28:38 1976 [Note] InnoDB: 128 rollback segment(s) are active.
2018-06-24 22:28:38 1976 [Note] InnoDB: Waiting for purge to start
2018-06-24 22:28:38 1976 [Note] InnoDB:  Percona XtraDB (http://www.percona.com) 5.6.39-83.1 started; log sequence number 1873204
2018-06-24 22:28:39 2084 [Note] InnoDB: Dumping buffer pool(s) not yet started
2018-06-24 22:28:39 1976 [Note] Plugin 'FEEDBACK' is disabled.
2018-06-24 22:28:39 1976 [Note] Server socket created on IP: '::'.
2018-06-24 22:28:41 1976 [Note] c:\xampp\mysql\bin\mysqld.exe: ready for connections.
Version: '10.1.33-MariaDB'  socket: ''  port: 3306  mariadb.org binary distribution
2018-06-25 06:54:36 1214 InnoDB: Warning: Using innodb_additional_mem_pool_size is DEPRECATED. This option may be removed in future releases, together with the option innodb_use_sys_malloc and with the InnoDB's internal memory allocator.
2018-06-25  6:54:36 4628 [Note] InnoDB: innodb_empty_free_list_algorithm has been changed to legacy because of small buffer pool size. In order to use backoff, increase buffer pool at least up to 20MB.

2018-06-25  6:54:36 4628 [Note] InnoDB: Using mutexes to ref count buffer pool pages
2018-06-25  6:54:36 4628 [Note] InnoDB: The InnoDB memory heap is disabled
2018-06-25  6:54:36 4628 [Note] InnoDB: Mutexes and rw_locks use Windows interlocked functions
2018-06-25  6:54:36 4628 [Note] InnoDB: _mm_lfence() and _mm_sfence() are used for memory barrier
2018-06-25  6:54:36 4628 [Note] InnoDB: Compressed tables use zlib 1.2.3
2018-06-25  6:54:36 4628 [Note] InnoDB: Using generic crc32 instructions
2018-06-25  6:54:36 4628 [Note] InnoDB: Initializing buffer pool, size = 16.0M
2018-06-25  6:54:36 4628 [Note] InnoDB: Completed initialization of buffer pool
2018-06-25  6:54:36 4628 [Note] InnoDB: Highest supported file format is Barracuda.
2018-06-25  6:54:36 4628 [Note] InnoDB: The log sequence number 1835037 in ibdata file do not match the log sequence number 1873214 in the ib_logfiles!
2018-06-25  6:54:37 4628 [Note] InnoDB: Restoring possible half-written data pages from the doublewrite buffer...
2018-06-25  6:54:40 4628 [Note] InnoDB: 128 rollback segment(s) are active.
2018-06-25  6:54:40 4628 [Note] InnoDB: Waiting for purge to start
2018-06-25  6:54:40 4628 [Note] InnoDB:  Percona XtraDB (http://www.percona.com) 5.6.39-83.1 started; log sequence number 1873214
2018-06-25  6:54:40 3716 [Note] InnoDB: Dumping buffer pool(s) not yet started
2018-06-25  6:54:40 4628 [Note] Plugin 'FEEDBACK' is disabled.
2018-06-25  6:54:40 4628 [Note] Server socket created on IP: '::'.
2018-06-25  6:54:42 4628 [Note] c:\xampp\mysql\bin\mysqld.exe: ready for connections.
Version: '10.1.33-MariaDB'  socket: ''  port: 3306  mariadb.org binary distribution
2018-06-25 10:07:03 ebc InnoDB: Warning: Using innodb_additional_mem_pool_size is DEPRECATED. This option may be removed in future releases, together with the option innodb_use_sys_malloc and with the InnoDB's internal memory allocator.
2018-06-25 10:07:03 3772 [Note] InnoDB: innodb_empty_free_list_algorithm has been changed to legacy because of small buffer pool size. In order to use backoff, increase buffer pool at least up to 20MB.

2018-06-25 10:07:03 3772 [Note] InnoDB: Using mutexes to ref count buffer pool pages
2018-06-25 10:07:03 3772 [Note] InnoDB: The InnoDB memory heap is disabled
2018-06-25 10:07:03 3772 [Note] InnoDB: Mutexes and rw_locks use Windows interlocked functions
2018-06-25 10:07:03 3772 [Note] InnoDB: _mm_lfence() and _mm_sfence() are used for memory barrier
2018-06-25 10:07:03 3772 [Note] InnoDB: Compressed tables use zlib 1.2.3
2018-06-25 10:07:03 3772 [Note] InnoDB: Using generic crc32 instructions
2018-06-25 10:07:03 3772 [Note] InnoDB: Initializing buffer pool, size = 16.0M
2018-06-25 10:07:03 3772 [Note] InnoDB: Completed initialization of buffer pool
2018-06-25 10:07:03 3772 [Note] InnoDB: Highest supported file format is Barracuda.
2018-06-25 10:07:03 3772 [Note] InnoDB: The log sequence number 1835037 in ibdata file do not match the log sequence number 1883601 in the ib_logfiles!
2018-06-25 10:07:03 3772 [Note] InnoDB: Restoring possible half-written data pages from the doublewrite buffer...
2018-06-25 10:07:05 3772 [Note] InnoDB: 128 rollback segment(s) are active.
2018-06-25 10:07:05 3772 [Note] InnoDB: Waiting for purge to start
2018-06-25 10:07:05 3772 [Note] InnoDB:  Percona XtraDB (http://www.percona.com) 5.6.39-83.1 started; log sequence number 1883601
2018-06-25 10:07:05 3248 [Note] InnoDB: Dumping buffer pool(s) not yet started
2018-06-25 10:07:05 3772 [Note] Plugin 'FEEDBACK' is disabled.
2018-06-25 10:07:05 3772 [Note] Server socket created on IP: '::'.
2018-06-25 10:07:05 3772 [Note] c:\xampp\mysql\bin\mysqld.exe: ready for connections.
Version: '10.1.33-MariaDB'  socket: ''  port: 3306  mariadb.org binary distribution
2018-06-25 10:08:38 1278 InnoDB: Warning: Using innodb_additional_mem_pool_size is DEPRECATED. This option may be removed in future releases, together with the option innodb_use_sys_malloc and with the InnoDB's internal memory allocator.
2018-06-25 10:08:38 4728 [Note] InnoDB: innodb_empty_free_list_algorithm has been changed to legacy because of small buffer pool size. In order to use backoff, increase buffer pool at least up to 20MB.

2018-06-25 10:08:38 4728 [Note] InnoDB: Using mutexes to ref count buffer pool pages
2018-06-25 10:08:38 4728 [Note] InnoDB: The InnoDB memory heap is disabled
2018-06-25 10:08:38 4728 [Note] InnoDB: Mutexes and rw_locks use Windows interlocked functions
2018-06-25 10:08:38 4728 [Note] InnoDB: _mm_lfence() and _mm_sfence() are used for memory barrier
2018-06-25 10:08:38 4728 [Note] InnoDB: Compressed tables use zlib 1.2.3
2018-06-25 10:08:38 4728 [Note] InnoDB: Using generic crc32 instructions
2018-06-25 10:08:38 4728 [Note] InnoDB: Initializing buffer pool, size = 16.0M
2018-06-25 10:08:38 4728 [Note] InnoDB: Completed initialization of buffer pool
2018-06-25 10:08:38 4728 [Note] InnoDB: Highest supported file format is Barracuda.
2018-06-25 10:08:38 4728 [Note] InnoDB: The log sequence number 1835037 in ibdata file do not match the log sequence number 1883611 in the ib_logfiles!
2018-06-25 10:08:38 4728 [Note] InnoDB: Restoring possible half-written data pages from the doublewrite buffer...
2018-06-25 10:08:40 4728 [Note] InnoDB: 128 rollback segment(s) are active.
2018-06-25 10:08:40 4728 [Note] InnoDB: Waiting for purge to start
2018-06-25 10:08:40 4728 [Note] InnoDB:  Percona XtraDB (http://www.percona.com) 5.6.39-83.1 started; log sequence number 1883611
2018-06-25 10:08:40 5288 [Note] InnoDB: Dumping buffer pool(s) not yet started
2018-06-25 10:08:40 4728 [Note] Plugin 'FEEDBACK' is disabled.
2018-06-25 10:08:40 4728 [Note] Server socket created on IP: '::'.
2018-06-25 10:08:40 4728 [Note] c:\xampp\mysql\bin\mysqld.exe: ready for connections.
Version: '10.1.33-MariaDB'  socket: ''  port: 3306  mariadb.org binary distribution
2018-06-25 10:14:53 169c InnoDB: Warning: Using innodb_additional_mem_pool_size is DEPRECATED. This option may be removed in future releases, together with the option innodb_use_sys_malloc and with the InnoDB's internal memory allocator.
2018-06-25 10:14:53 5788 [Note] InnoDB: innodb_empty_free_list_algorithm has been changed to legacy because of small buffer pool size. In order to use backoff, increase buffer pool at least up to 20MB.

2018-06-25 10:14:53 5788 [Note] InnoDB: Using mutexes to ref count buffer pool pages
2018-06-25 10:14:53 5788 [Note] InnoDB: The InnoDB memory heap is disabled
2018-06-25 10:14:53 5788 [Note] InnoDB: Mutexes and rw_locks use Windows interlocked functions
2018-06-25 10:14:53 5788 [Note] InnoDB: _mm_lfence() and _mm_sfence() are used for memory barrier
2018-06-25 10:14:53 5788 [Note] InnoDB: Compressed tables use zlib 1.2.3
2018-06-25 10:14:53 5788 [Note] InnoDB: Using generic crc32 instructions
2018-06-25 10:14:53 5788 [Note] InnoDB: Initializing buffer pool, size = 16.0M
2018-06-25 10:14:53 5788 [Note] InnoDB: Completed initialization of buffer pool
2018-06-25 10:14:53 5788 [Note] InnoDB: Highest supported file format is Barracuda.
2018-06-25 10:14:53 5788 [Note] InnoDB: The log sequence number 1835037 in ibdata file do not match the log sequence number 1883621 in the ib_logfiles!
2018-06-25 10:14:53 5788 [Note] InnoDB: Restoring possible half-written data pages from the doublewrite buffer...
2018-06-25 10:14:55 5788 [Note] InnoDB: 128 rollback segment(s) are active.
2018-06-25 10:14:55 5788 [Note] InnoDB: Waiting for purge to start
2018-06-25 10:14:55 5788 [Note] InnoDB:  Percona XtraDB (http://www.percona.com) 5.6.39-83.1 started; log sequence number 1883621
2018-06-25 10:14:55 4512 [Note] InnoDB: Dumping buffer pool(s) not yet started
2018-06-25 10:14:55 5788 [Note] Plugin 'FEEDBACK' is disabled.
2018-06-25 10:14:55 5788 [Note] Server socket created on IP: '::'.
2018-06-25 10:14:55 5788 [Note] c:\xampp\mysql\bin\mysqld.exe: ready for connections.
Version: '10.1.33-MariaDB'  socket: ''  port: 3306  mariadb.org binary distribution
2018-06-25 10:14:59 1684 InnoDB: Warning: Using innodb_additional_mem_pool_size is DEPRECATED. This option may be removed in future releases, together with the option innodb_use_sys_malloc and with the InnoDB's internal memory allocator.
2018-06-25 10:14:59 5764 [Note] InnoDB: innodb_empty_free_list_algorithm has been changed to legacy because of small buffer pool size. In order to use backoff, increase buffer pool at least up to 20MB.

2018-06-25 10:14:59 5764 [Note] InnoDB: Using mutexes to ref count buffer pool pages
2018-06-25 10:14:59 5764 [Note] InnoDB: The InnoDB memory heap is disabled
2018-06-25 10:14:59 5764 [Note] InnoDB: Mutexes and rw_locks use Windows interlocked functions
2018-06-25 10:14:59 5764 [Note] InnoDB: _mm_lfence() and _mm_sfence() are used for memory barrier
2018-06-25 10:14:59 5764 [Note] InnoDB: Compressed tables use zlib 1.2.3
2018-06-25 10:14:59 5764 [Note] InnoDB: Using generic crc32 instructions
2018-06-25 10:14:59 5764 [Note] InnoDB: Initializing buffer pool, size = 16.0M
2018-06-25 10:14:59 5764 [Note] InnoDB: Completed initialization of buffer pool
2018-06-25 10:14:59 5764 [Note] InnoDB: Highest supported file format is Barracuda.
2018-06-25 10:14:59 5764 [Note] InnoDB: The log sequence number 1835037 in ibdata file do not match the log sequence number 1883631 in the ib_logfiles!
2018-06-25 10:14:59 5764 [Note] InnoDB: Restoring possible half-written data pages from the doublewrite buffer...
2018-06-25 10:15:00 5764 [Note] InnoDB: 128 rollback segment(s) are active.
2018-06-25 10:15:00 5764 [Note] InnoDB: Waiting for purge to start
2018-06-25 10:15:00 5764 [Note] InnoDB:  Percona XtraDB (http://www.percona.com) 5.6.39-83.1 started; log sequence number 1883631
2018-06-25 10:15:00 5976 [Note] InnoDB: Dumping buffer pool(s) not yet started
2018-06-25 10:15:00 5764 [Note] Plugin 'FEEDBACK' is disabled.
2018-06-25 10:15:00 5764 [Note] Server socket created on IP: '::'.
2018-06-25 10:15:01 5764 [Note] c:\xampp\mysql\bin\mysqld.exe: ready for connections.
Version: '10.1.33-MariaDB'  socket: ''  port: 3306  mariadb.org binary distribution
2018-06-26 18:14:21 1330 InnoDB: Warning: Using innodb_additional_mem_pool_size is DEPRECATED. This option may be removed in future releases, together with the option innodb_use_sys_malloc and with the InnoDB's internal memory allocator.
2018-06-26 18:14:21 4912 [Note] InnoDB: innodb_empty_free_list_algorithm has been changed to legacy because of small buffer pool size. In order to use backoff, increase buffer pool at least up to 20MB.

2018-06-26 18:14:21 4912 [Note] InnoDB: Using mutexes to ref count buffer pool pages
2018-06-26 18:14:21 4912 [Note] InnoDB: The InnoDB memory heap is disabled
2018-06-26 18:14:21 4912 [Note] InnoDB: Mutexes and rw_locks use Windows interlocked functions
2018-06-26 18:14:21 4912 [Note] InnoDB: _mm_lfence() and _mm_sfence() are used for memory barrier
2018-06-26 18:14:21 4912 [Note] InnoDB: Compressed tables use zlib 1.2.3
2018-06-26 18:14:23 c4c InnoDB: Warning: Using innodb_additional_mem_pool_size is DEPRECATED. This option may be removed in future releases, together with the option innodb_use_sys_malloc and with the InnoDB's internal memory allocator.
2018-06-26 18:14:23 3148 [Note] InnoDB: innodb_empty_free_list_algorithm has been changed to legacy because of small buffer pool size. In order to use backoff, increase buffer pool at least up to 20MB.

2018-06-26 18:14:23 3148 [Note] InnoDB: Using mutexes to ref count buffer pool pages
2018-06-26 18:14:23 3148 [Note] InnoDB: The InnoDB memory heap is disabled
2018-06-26 18:14:23 3148 [Note] InnoDB: Mutexes and rw_locks use Windows interlocked functions
2018-06-26 18:14:23 3148 [Note] InnoDB: _mm_lfence() and _mm_sfence() are used for memory barrier
2018-06-26 18:14:23 3148 [Note] InnoDB: Compressed tables use zlib 1.2.3
2018-06-26 18:14:23 3148 [Note] InnoDB: Using generic crc32 instructions
2018-06-26 18:14:23 3148 [Note] InnoDB: Initializing buffer pool, size = 16.0M
2018-06-26 18:14:23 3148 [Note] InnoDB: Completed initialization of buffer pool
2018-06-26 18:14:23 3148 [Note] InnoDB: Highest supported file format is Barracuda.
2018-06-26 18:14:23 3148 [Note] InnoDB: The log sequence number 1835037 in ibdata file do not match the log sequence number 1883641 in the ib_logfiles!
2018-06-26 18:14:24 3148 [Note] InnoDB: Restoring possible half-written data pages from the doublewrite buffer...
2018-06-26 18:14:27 3148 [Note] InnoDB: 128 rollback segment(s) are active.
2018-06-26 18:14:27 3148 [Note] InnoDB: Waiting for purge to start
2018-06-26 18:14:27 3148 [Note] InnoDB:  Percona XtraDB (http://www.percona.com) 5.6.39-83.1 started; log sequence number 1883641
2018-06-26 18:14:27 1316 [Note] InnoDB: Dumping buffer pool(s) not yet started
2018-06-26 18:14:27 3148 [Note] Plugin 'FEEDBACK' is disabled.
2018-06-26 18:14:27 3148 [Note] Server socket created on IP: '::'.
2018-06-26 18:14:29 3148 [Note] c:\xampp\mysql\bin\mysqld.exe: ready for connections.
Version: '10.1.33-MariaDB'  socket: ''  port: 3306  mariadb.org binary distribution
2018-06-26 20:20:25 b4 InnoDB: Warning: Using innodb_additional_mem_pool_size is DEPRECATED. This option may be removed in future releases, together with the option innodb_use_sys_malloc and with the InnoDB's internal memory allocator.
2018-06-26 20:20:25 180 [Note] InnoDB: innodb_empty_free_list_algorithm has been changed to legacy because of small buffer pool size. In order to use backoff, increase buffer pool at least up to 20MB.

2018-06-26 20:20:25 180 [Note] InnoDB: Using mutexes to ref count buffer pool pages
2018-06-26 20:20:25 180 [Note] InnoDB: The InnoDB memory heap is disabled
2018-06-26 20:20:25 180 [Note] InnoDB: Mutexes and rw_locks use Windows interlocked functions
2018-06-26 20:20:25 180 [Note] InnoDB: _mm_lfence() and _mm_sfence() are used for memory barrier
2018-06-26 20:20:25 180 [Note] InnoDB: Compressed tables use zlib 1.2.3
2018-06-26 20:20:25 180 [Note] InnoDB: Using generic crc32 instructions
2018-06-26 20:20:25 180 [Note] InnoDB: Initializing buffer pool, size = 16.0M
2018-06-26 20:20:25 180 [Note] InnoDB: Completed initialization of buffer pool
2018-06-26 20:20:25 180 [Note] InnoDB: Highest supported file format is Barracuda.
2018-06-26 20:20:25 180 [Note] InnoDB: The log sequence number 1835037 in ibdata file do not match the log sequence number 1883667 in the ib_logfiles!
2018-06-26 20:20:25 180 [Note] InnoDB: Restoring possible half-written data pages from the doublewrite buffer...
2018-06-26 20:20:27 180 [Note] InnoDB: 128 rollback segment(s) are active.
2018-06-26 20:20:27 180 [Note] InnoDB: Waiting for purge to start
2018-06-26 20:20:27 180 [Note] InnoDB:  Percona XtraDB (http://www.percona.com) 5.6.39-83.1 started; log sequence number 1883667
2018-06-26 20:20:27 4052 [Note] InnoDB: Dumping buffer pool(s) not yet started
2018-06-26 20:20:27 180 [Note] Plugin 'FEEDBACK' is disabled.
2018-06-26 20:20:27 180 [Note] Server socket created on IP: '::'.
2018-06-26 20:20:27 180 [Note] c:\xampp\mysql\bin\mysqld.exe: ready for connections.
Version: '10.1.33-MariaDB'  socket: ''  port: 3306  mariadb.org binary distribution
2018-06-26 20:25:10 93c InnoDB: Warning: Using innodb_additional_mem_pool_size is DEPRECATED. This option may be removed in future releases, together with the option innodb_use_sys_malloc and with the InnoDB's internal memory allocator.
2018-06-26 20:25:10 2364 [Note] InnoDB: innodb_empty_free_list_algorithm has been changed to legacy because of small buffer pool size. In order to use backoff, increase buffer pool at least up to 20MB.

2018-06-26 20:25:10 2364 [Note] InnoDB: Using mutexes to ref count buffer pool pages
2018-06-26 20:25:10 2364 [Note] InnoDB: The InnoDB memory heap is disabled
2018-06-26 20:25:10 2364 [Note] InnoDB: Mutexes and rw_locks use Windows interlocked functions
2018-06-26 20:25:10 2364 [Note] InnoDB: _mm_lfence() and _mm_sfence() are used for memory barrier
2018-06-26 20:25:10 2364 [Note] InnoDB: Compressed tables use zlib 1.2.3
2018-06-26 20:25:10 2364 [Note] InnoDB: Using generic crc32 instructions
2018-06-26 20:25:10 2364 [Note] InnoDB: Initializing buffer pool, size = 16.0M
2018-06-26 20:25:10 2364 [Note] InnoDB: Completed initialization of buffer pool
2018-06-26 20:25:10 2364 [Note] InnoDB: Highest supported file format is Barracuda.
2018-06-26 20:25:10 2364 [Note] InnoDB: The log sequence number 1835037 in ibdata file do not match the log sequence number 1883677 in the ib_logfiles!
2018-06-26 20:25:10 2364 [Note] InnoDB: Restoring possible half-written data pages from the doublewrite buffer...
2018-06-26 20:25:11 2364 [Note] InnoDB: 128 rollback segment(s) are active.
2018-06-26 20:25:11 2364 [Note] InnoDB: Waiting for purge to start
2018-06-26 20:25:11 2364 [Note] InnoDB:  Percona XtraDB (http://www.percona.com) 5.6.39-83.1 started; log sequence number 1883677
2018-06-26 20:25:12 5292 [Note] InnoDB: Dumping buffer pool(s) not yet started
2018-06-26 20:25:12 2364 [Note] Plugin 'FEEDBACK' is disabled.
2018-06-26 20:25:12 2364 [Note] Server socket created on IP: '::'.
2018-06-26 20:25:12 2364 [Note] c:\xampp\mysql\bin\mysqld.exe: ready for connections.
Version: '10.1.33-MariaDB'  socket: ''  port: 3306  mariadb.org binary distribution
2018-06-26 20:29:36 1238 InnoDB: Warning: Using innodb_additional_mem_pool_size is DEPRECATED. This option may be removed in future releases, together with the option innodb_use_sys_malloc and with the InnoDB's internal memory allocator.
2018-06-26 20:29:36 4664 [Note] InnoDB: innodb_empty_free_list_algorithm has been changed to legacy because of small buffer pool size. In order to use backoff, increase buffer pool at least up to 20MB.

2018-06-26 20:29:36 4664 [Note] InnoDB: Using mutexes to ref count buffer pool pages
2018-06-26 20:29:36 4664 [Note] InnoDB: The InnoDB memory heap is disabled
2018-06-26 20:29:36 4664 [Note] InnoDB: Mutexes and rw_locks use Windows interlocked functions
2018-06-26 20:29:36 4664 [Note] InnoDB: _mm_lfence() and _mm_sfence() are used for memory barrier
2018-06-26 20:29:36 4664 [Note] InnoDB: Compressed tables use zlib 1.2.3
2018-06-26 20:29:36 4664 [Note] InnoDB: Using generic crc32 instructions
2018-06-26 20:29:36 4664 [Note] InnoDB: Initializing buffer pool, size = 16.0M
2018-06-26 20:29:36 4664 [Note] InnoDB: Completed initialization of buffer pool
2018-06-26 20:29:36 4664 [Note] InnoDB: Highest supported file format is Barracuda.
2018-06-26 20:29:36 4664 [Note] InnoDB: The log sequence number 1835037 in ibdata file do not match the log sequence number 1883687 in the ib_logfiles!
2018-06-26 20:29:36 4664 [Note] InnoDB: Restoring possible half-written data pages from the doublewrite buffer...
2018-06-26 20:29:38 4664 [Note] InnoDB: 128 rollback segment(s) are active.
2018-06-26 20:29:38 4664 [Note] InnoDB: Waiting for purge to start
2018-06-26 20:29:38 4664 [Note] InnoDB:  Percona XtraDB (http://www.percona.com) 5.6.39-83.1 started; log sequence number 1883687
2018-06-26 20:29:38 6060 [Note] InnoDB: Dumping buffer pool(s) not yet started
2018-06-26 20:29:38 4664 [Note] Plugin 'FEEDBACK' is disabled.
2018-06-26 20:29:38 4664 [Note] Server socket created on IP: '::'.
2018-06-26 20:29:38 4664 [Note] c:\xampp\mysql\bin\mysqld.exe: ready for connections.
Version: '10.1.33-MariaDB'  socket: ''  port: 3306  mariadb.org binary distribution
2018-06-26 20:48:36 14b0 InnoDB: Warning: Using innodb_additional_mem_pool_size is DEPRECATED. This option may be removed in future releases, together with the option innodb_use_sys_malloc and with the InnoDB's internal memory allocator.
2018-06-26 20:48:36 5296 [Note] InnoDB: innodb_empty_free_list_algorithm has been changed to legacy because of small buffer pool size. In order to use backoff, increase buffer pool at least up to 20MB.

2018-06-26 20:48:36 5296 [Note] InnoDB: Using mutexes to ref count buffer pool pages
2018-06-26 20:48:36 5296 [Note] InnoDB: The InnoDB memory heap is disabled
2018-06-26 20:48:36 5296 [Note] InnoDB: Mutexes and rw_locks use Windows interlocked functions
2018-06-26 20:48:36 5296 [Note] InnoDB: _mm_lfence() and _mm_sfence() are used for memory barrier
2018-06-26 20:48:36 5296 [Note] InnoDB: Compressed tables use zlib 1.2.3
2018-06-26 20:48:36 5296 [Note] InnoDB: Using generic crc32 instructions
2018-06-26 20:48:36 5296 [Note] InnoDB: Initializing buffer pool, size = 16.0M
2018-06-26 20:48:36 5296 [Note] InnoDB: Completed initialization of buffer pool
2018-06-26 20:48:37 5296 [Note] InnoDB: Highest supported file format is Barracuda.
2018-06-26 20:48:37 5296 [Note] InnoDB: The log sequence number 1835037 in ibdata file do not match the log sequence number 1887976 in the ib_logfiles!
2018-06-26 20:48:37 5296 [Note] InnoDB: Restoring possible half-written data pages from the doublewrite buffer...
2018-06-26 20:48:38 5296 [Note] InnoDB: 128 rollback segment(s) are active.
2018-06-26 20:48:38 5296 [Note] InnoDB: Waiting for purge to start
2018-06-26 20:48:38 5296 [Note] InnoDB:  Percona XtraDB (http://www.percona.com) 5.6.39-83.1 started; log sequence number 1887976
2018-06-26 20:48:38 2108 [Note] InnoDB: Dumping buffer pool(s) not yet started
2018-06-26 20:48:38 5296 [Note] Plugin 'FEEDBACK' is disabled.
2018-06-26 20:48:38 5296 [Note] Server socket created on IP: '::'.
2018-06-26 20:48:38 5296 [Note] c:\xampp\mysql\bin\mysqld.exe: ready for connections.
Version: '10.1.33-MariaDB'  socket: ''  port: 3306  mariadb.org binary distribution
2018-06-26 21:00:02 1238 InnoDB: Warning: Using innodb_additional_mem_pool_size is DEPRECATED. This option may be removed in future releases, together with the option innodb_use_sys_malloc and with the InnoDB's internal memory allocator.
2018-06-26 21:00:02 4664 [Note] InnoDB: innodb_empty_free_list_algorithm has been changed to legacy because of small buffer pool size. In order to use backoff, increase buffer pool at least up to 20MB.

2018-06-26 21:00:02 4664 [Note] InnoDB: Using mutexes to ref count buffer pool pages
2018-06-26 21:00:02 4664 [Note] InnoDB: The InnoDB memory heap is disabled
2018-06-26 21:00:02 4664 [Note] InnoDB: Mutexes and rw_locks use Windows interlocked functions
2018-06-26 21:00:02 4664 [Note] InnoDB: _mm_lfence() and _mm_sfence() are used for memory barrier
2018-06-26 21:00:02 4664 [Note] InnoDB: Compressed tables use zlib 1.2.3
2018-06-26 21:00:02 4664 [Note] InnoDB: Using generic crc32 instructions
2018-06-26 21:00:02 4664 [Note] InnoDB: Initializing buffer pool, size = 16.0M
2018-06-26 21:00:02 4664 [Note] InnoDB: Completed initialization of buffer pool
2018-06-26 21:00:02 4664 [Note] InnoDB: Highest supported file format is Barracuda.
2018-06-26 21:00:02 4664 [Note] InnoDB: The log sequence number 1835037 in ibdata file do not match the log sequence number 1887986 in the ib_logfiles!
2018-06-26 21:00:02 4664 [Note] InnoDB: Restoring possible half-written data pages from the doublewrite buffer...
2018-06-26 21:00:03 4664 [Note] InnoDB: 128 rollback segment(s) are active.
2018-06-26 21:00:03 4664 [Note] InnoDB: Waiting for purge to start
2018-06-26 21:00:03 4664 [Note] InnoDB:  Percona XtraDB (http://www.percona.com) 5.6.39-83.1 started; log sequence number 1887986
2018-06-26 21:00:04 6000 [Note] InnoDB: Dumping buffer pool(s) not yet started
2018-06-26 21:00:04 4664 [Note] Plugin 'FEEDBACK' is disabled.
2018-06-26 21:00:04 4664 [Note] Server socket created on IP: '::'.
2018-06-26 21:00:04 4664 [Note] c:\xampp\mysql\bin\mysqld.exe: ready for connections.
Version: '10.1.33-MariaDB'  socket: ''  port: 3306  mariadb.org binary distribution
2018-06-26 21:14:21 1370 InnoDB: Warning: Using innodb_additional_mem_pool_size is DEPRECATED. This option may be removed in future releases, together with the option innodb_use_sys_malloc and with the InnoDB's internal memory allocator.
2018-06-26 21:14:21 4976 [Note] InnoDB: innodb_empty_free_list_algorithm has been changed to legacy because of small buffer pool size. In order to use backoff, increase buffer pool at least up to 20MB.

2018-06-26 21:14:21 4976 [Note] InnoDB: Using mutexes to ref count buffer pool pages
2018-06-26 21:14:21 4976 [Note] InnoDB: The InnoDB memory heap is disabled
2018-06-26 21:14:21 4976 [Note] InnoDB: Mutexes and rw_locks use Windows interlocked functions
2018-06-26 21:14:21 4976 [Note] InnoDB: _mm_lfence() and _mm_sfence() are used for memory barrier
2018-06-26 21:14:21 4976 [Note] InnoDB: Compressed tables use zlib 1.2.3
2018-06-26 21:14:21 4976 [Note] InnoDB: Using generic crc32 instructions
2018-06-26 21:14:21 4976 [Note] InnoDB: Initializing buffer pool, size = 16.0M
2018-06-26 21:14:21 4976 [Note] InnoDB: Completed initialization of buffer pool
2018-06-26 21:14:22 4976 [Note] InnoDB: Highest supported file format is Barracuda.
2018-06-26 21:14:22 4976 [Note] InnoDB: The log sequence number 1835037 in ibdata file do not match the log sequence number 1888947 in the ib_logfiles!
2018-06-26 21:14:22 4976 [Note] InnoDB: Restoring possible half-written data pages from the doublewrite buffer...
2018-06-26 21:14:23 4976 [Note] InnoDB: 128 rollback segment(s) are active.
2018-06-26 21:14:23 4976 [Note] InnoDB: Waiting for purge to start
2018-06-26 21:14:23 4976 [Note] InnoDB:  Percona XtraDB (http://www.percona.com) 5.6.39-83.1 started; log sequence number 1888947
2018-06-26 21:14:24 1604 [Note] InnoDB: Dumping buffer pool(s) not yet started
2018-06-26 21:14:24 4976 [Note] Plugin 'FEEDBACK' is disabled.
2018-06-26 21:14:24 4976 [Note] Server socket created on IP: '::'.
2018-06-26 21:14:24 4976 [Note] c:\xampp\mysql\bin\mysqld.exe: ready for connections.
Version: '10.1.33-MariaDB'  socket: ''  port: 3306  mariadb.org binary distribution
2018-06-26 21:15:49 13f4 InnoDB: Warning: Using innodb_additional_mem_pool_size is DEPRECATED. This option may be removed in future releases, together with the option innodb_use_sys_malloc and with the InnoDB's internal memory allocator.
2018-06-26 21:15:49 5108 [Note] InnoDB: innodb_empty_free_list_algorithm has been changed to legacy because of small buffer pool size. In order to use backoff, increase buffer pool at least up to 20MB.

2018-06-26 21:15:49 5108 [Note] InnoDB: Using mutexes to ref count buffer pool pages
2018-06-26 21:15:49 5108 [Note] InnoDB: The InnoDB memory heap is disabled
2018-06-26 21:15:49 5108 [Note] InnoDB: Mutexes and rw_locks use Windows interlocked functions
2018-06-26 21:15:49 5108 [Note] InnoDB: _mm_lfence() and _mm_sfence() are used for memory barrier
2018-06-26 21:15:49 5108 [Note] InnoDB: Compressed tables use zlib 1.2.3
2018-06-26 21:15:49 5108 [Note] InnoDB: Using generic crc32 instructions
2018-06-26 21:15:49 5108 [Note] InnoDB: Initializing buffer pool, size = 16.0M
2018-06-26 21:15:49 5108 [Note] InnoDB: Completed initialization of buffer pool
2018-06-26 21:15:49 5108 [Note] InnoDB: Highest supported file format is Barracuda.
2018-06-26 21:15:49 5108 [Note] InnoDB: The log sequence number 1835037 in ibdata file do not match the log sequence number 1888957 in the ib_logfiles!
2018-06-26 21:15:49 5108 [Note] InnoDB: Restoring possible half-written data pages from the doublewrite buffer...
2018-06-26 21:15:50 5108 [Note] InnoDB: 128 rollback segment(s) are active.
2018-06-26 21:15:50 5108 [Note] InnoDB: Waiting for purge to start
2018-06-26 21:15:51 5108 [Note] InnoDB:  Percona XtraDB (http://www.percona.com) 5.6.39-83.1 started; log sequence number 1888957
2018-06-26 21:15:51 844 [Note] InnoDB: Dumping buffer pool(s) not yet started
2018-06-26 21:15:51 5108 [Note] Plugin 'FEEDBACK' is disabled.
2018-06-26 21:15:51 5108 [Note] Server socket created on IP: '::'.
2018-06-26 21:15:51 5108 [Note] c:\xampp\mysql\bin\mysqld.exe: ready for connections.
Version: '10.1.33-MariaDB'  socket: ''  port: 3306  mariadb.org binary distribution
2018-06-26 21:18:44 858 InnoDB: Warning: Using innodb_additional_mem_pool_size is DEPRECATED. This option may be removed in future releases, together with the option innodb_use_sys_malloc and with the InnoDB's internal memory allocator.
2018-06-26 21:18:44 2136 [Note] InnoDB: innodb_empty_free_list_algorithm has been changed to legacy because of small buffer pool size. In order to use backoff, increase buffer pool at least up to 20MB.

2018-06-26 21:18:44 2136 [Note] InnoDB: Using mutexes to ref count buffer pool pages
2018-06-26 21:18:44 2136 [Note] InnoDB: The InnoDB memory heap is disabled
2018-06-26 21:18:44 2136 [Note] InnoDB: Mutexes and rw_locks use Windows interlocked functions
2018-06-26 21:18:44 2136 [Note] InnoDB: _mm_lfence() and _mm_sfence() are used for memory barrier
2018-06-26 21:18:44 2136 [Note] InnoDB: Compressed tables use zlib 1.2.3
2018-06-26 21:18:44 2136 [Note] InnoDB: Using generic crc32 instructions
2018-06-26 21:18:44 2136 [Note] InnoDB: Initializing buffer pool, size = 16.0M
2018-06-26 21:18:44 2136 [Note] InnoDB: Completed initialization of buffer pool
2018-06-26 21:18:44 2136 [Note] InnoDB: Highest supported file format is Barracuda.
2018-06-26 21:18:44 2136 [Note] InnoDB: The log sequence number 1835037 in ibdata file do not match the log sequence number 1888967 in the ib_logfiles!
2018-06-26 21:18:44 2136 [Note] InnoDB: Restoring possible half-written data pages from the doublewrite buffer...
2018-06-26 21:18:46 2136 [Note] InnoDB: 128 rollback segment(s) are active.
2018-06-26 21:18:46 2136 [Note] InnoDB: Waiting for purge to start
2018-06-26 21:18:46 2136 [Note] InnoDB:  Percona XtraDB (http://www.percona.com) 5.6.39-83.1 started; log sequence number 1888967
2018-06-26 21:18:46 3984 [Note] InnoDB: Dumping buffer pool(s) not yet started
2018-06-26 21:18:46 2136 [Note] Plugin 'FEEDBACK' is disabled.
2018-06-26 21:18:46 2136 [Note] Server socket created on IP: '::'.
2018-06-26 21:18:46 2136 [Note] c:\xampp\mysql\bin\mysqld.exe: ready for connections.
Version: '10.1.33-MariaDB'  socket: ''  port: 3306  mariadb.org binary distribution
2018-06-26 21:26:34 c58 InnoDB: Warning: Using innodb_additional_mem_pool_size is DEPRECATED. This option may be removed in future releases, together with the option innodb_use_sys_malloc and with the InnoDB's internal memory allocator.
2018-06-26 21:26:34 3160 [Note] InnoDB: innodb_empty_free_list_algorithm has been changed to legacy because of small buffer pool size. In order to use backoff, increase buffer pool at least up to 20MB.

2018-06-26 21:26:34 3160 [Note] InnoDB: Using mutexes to ref count buffer pool pages
2018-06-26 21:26:34 3160 [Note] InnoDB: The InnoDB memory heap is disabled
2018-06-26 21:26:34 3160 [Note] InnoDB: Mutexes and rw_locks use Windows interlocked functions
2018-06-26 21:26:34 3160 [Note] InnoDB: _mm_lfence() and _mm_sfence() are used for memory barrier
2018-06-26 21:26:34 3160 [Note] InnoDB: Compressed tables use zlib 1.2.3
2018-06-26 21:26:34 3160 [Note] InnoDB: Using generic crc32 instructions
2018-06-26 21:26:34 3160 [Note] InnoDB: Initializing buffer pool, size = 16.0M
2018-06-26 21:26:34 3160 [Note] InnoDB: Completed initialization of buffer pool
2018-06-26 21:26:34 3160 [Note] InnoDB: Highest supported file format is Barracuda.
2018-06-26 21:26:34 3160 [Note] InnoDB: The log sequence number 1835037 in ibdata file do not match the log sequence number 1888977 in the ib_logfiles!
2018-06-26 21:26:34 3160 [Note] InnoDB: Restoring possible half-written data pages from the doublewrite buffer...
2018-06-26 21:26:36 3160 [Note] InnoDB: 128 rollback segment(s) are active.
2018-06-26 21:26:36 3160 [Note] InnoDB: Waiting for purge to start
2018-06-26 21:26:36 3160 [Note] InnoDB:  Percona XtraDB (http://www.percona.com) 5.6.39-83.1 started; log sequence number 1888977
2018-06-26 21:26:36 2700 [Note] InnoDB: Dumping buffer pool(s) not yet started
2018-06-26 21:26:36 3160 [Note] Plugin 'FEEDBACK' is disabled.
2018-06-26 21:26:36 3160 [Note] Server socket created on IP: '::'.
2018-06-26 21:26:36 3160 [Note] c:\xampp\mysql\bin\mysqld.exe: ready for connections.
Version: '10.1.33-MariaDB'  socket: ''  port: 3306  mariadb.org binary distribution
2018-06-26 21:29:10 d84 InnoDB: Warning: Using innodb_additional_mem_pool_size is DEPRECATED. This option may be removed in future releases, together with the option innodb_use_sys_malloc and with the InnoDB's internal memory allocator.
2018-06-26 21:29:10 3460 [Note] InnoDB: innodb_empty_free_list_algorithm has been changed to legacy because of small buffer pool size. In order to use backoff, increase buffer pool at least up to 20MB.

2018-06-26 21:29:10 3460 [Note] InnoDB: Using mutexes to ref count buffer pool pages
2018-06-26 21:29:10 3460 [Note] InnoDB: The InnoDB memory heap is disabled
2018-06-26 21:29:10 3460 [Note] InnoDB: Mutexes and rw_locks use Windows interlocked functions
2018-06-26 21:29:10 3460 [Note] InnoDB: _mm_lfence() and _mm_sfence() are used for memory barrier
2018-06-26 21:29:10 3460 [Note] InnoDB: Compressed tables use zlib 1.2.3
2018-06-26 21:29:10 3460 [Note] InnoDB: Using generic crc32 instructions
2018-06-26 21:29:10 3460 [Note] InnoDB: Initializing buffer pool, size = 16.0M
2018-06-26 21:29:10 3460 [Note] InnoDB: Completed initialization of buffer pool
2018-06-26 21:29:10 3460 [Note] InnoDB: Highest supported file format is Barracuda.
2018-06-26 21:29:10 3460 [Note] InnoDB: The log sequence number 1835037 in ibdata file do not match the log sequence number 1890142 in the ib_logfiles!
2018-06-26 21:29:10 3460 [Note] InnoDB: Restoring possible half-written data pages from the doublewrite buffer...
2018-06-26 21:29:12 3460 [Note] InnoDB: 128 rollback segment(s) are active.
2018-06-26 21:29:12 3460 [Note] InnoDB: Waiting for purge to start
2018-06-26 21:29:12 3460 [Note] InnoDB:  Percona XtraDB (http://www.percona.com) 5.6.39-83.1 started; log sequence number 1890142
2018-06-26 21:29:12 4812 [Note] InnoDB: Dumping buffer pool(s) not yet started
2018-06-26 21:29:12 3460 [Note] Plugin 'FEEDBACK' is disabled.
2018-06-26 21:29:12 3460 [Note] Server socket created on IP: '::'.
2018-06-26 21:29:12 3460 [Note] c:\xampp\mysql\bin\mysqld.exe: ready for connections.
Version: '10.1.33-MariaDB'  socket: ''  port: 3306  mariadb.org binary distribution
2018-06-26 21:36:25 2364 [ERROR] Incorrect definition of table mysql.column_stats: expected column 'min_value' at position 3 to have type varbinary(255), found type varchar(255).
2018-06-26 21:36:25 2364 [ERROR] Incorrect definition of table mysql.column_stats: expected column 'max_value' at position 4 to have type varbinary(255), found type varchar(255).
